TN:
SF:/home/runner/work/msquic/msquic/src/core/ack_tracker.c
FN:104,164,QuicAckTrackerDidHitReorderingThreshold
FN:168,284,QuicAckTrackerAckPacket
FN:288,336,QuicAckTrackerAckFrameEncode
FN:340,367,QuicAckTrackerOnAckFrameAcked
FN:47,58,QuicAckTrackerInitialize
FN:62,68,QuicAckTrackerUninitialize
FN:72,84,QuicAckTrackerReset
FN:88,97,QuicAckTrackerAddPacketNumber
FNDA:11,QuicAckTrackerDidHitReorderingThreshold
FNDA:20,QuicAckTrackerAckPacket
FNDA:0,QuicAckTrackerAckFrameEncode
FNDA:3,QuicAckTrackerOnAckFrameAcked
FNDA:36,QuicAckTrackerInitialize
FNDA:36,QuicAckTrackerUninitialize
FNDA:6,QuicAckTrackerReset
FNDA:33,QuicAckTrackerAddPacketNumber
FNF:8
FNH:7
DA:47,36
DA:51,36
DA:55,36
DA:58,36
DA:62,36
DA:66,36
DA:67,36
DA:68,36
DA:72,6
DA:76,6
DA:77,6
DA:78,6
DA:79,6
DA:80,6
DA:81,6
DA:82,6
DA:83,6
DA:84,6
DA:88,33
DA:95,66
DA:96,33
DA:104,11
DA:109,11
DA:110,3
DA:113,8
DA:114,8
DA:124,8
DA:125,8
DA:126,8
DA:137,16
DA:138,13
DA:140,13
DA:145,1
DA:153,12
DA:154,12
DA:155,0
DA:158,12
DA:159,4
DA:163,3
DA:168,20
DA:176,20
DA:184,20
DA:187,20
DA:188,9
DA:193,2
DA:196,20
DA:200,0
DA:201,0
DA:204,20
DA:211,20
DA:212,20
DA:213,20
DA:214,18
DA:217,20
DA:218,2
DA:219,2
DA:220,2
DA:221,2
DA:222,3
DA:223,3
DA:224,3
DA:225,3
DA:226,2
DA:227,2
DA:228,2
DA:229,2
DA:230,13
DA:231,13
DA:234,20
DA:236,20
DA:237,15
DA:240,5
DA:242,5
DA:243,4
DA:262,1
DA:263,1
DA:264,1
DA:265,1
DA:266,1
DA:270,0
DA:272,1
DA:278,1
DA:281,0
DA:283,20
DA:288,0
DA:293,0
DA:295,0
DA:296,0
DA:297,0
DA:298,0
DA:300,0
DA:301,0
DA:302,0
DA:303,0
DA:306,0
DA:307,0
DA:308,0
DA:312,0
DA:313,0
DA:315,0
DA:319,0
DA:320,0
DA:321,0
DA:324,0
DA:325,0
DA:326,0
DA:329,0
DA:330,0
DA:331,0
DA:332,0
DA:333,0
DA:335,0
DA:340,3
DA:345,3
DA:351,3
DA:355,3
DA:356,1
DA:364,1
DA:365,1
DA:367,3
LF:120
LH:87
end_of_record
